<?xml version="1.0" encoding="UTF-8"?>
<!-- Generated by org.testng.reporters.JUnitReportReporter -->
<testsuite hostname="admin-PC" name="TestClass" tests="1" failures="0" timestamp="19 Aug 2015 12:21:36 GMT" time="0.111" errors="0">
  <testcase name="testcheck" time="0.111" classname="TestClass"/>
</testsuite> <!-- TestClass -->
