<?xml version="1.0" encoding="UTF-8"?>
<!-- Generated by org.testng.reporters.JUnitReportReporter -->
<testsuite hostname="admin-PC" name="TestSelenium" tests="1" failures="0" timestamp="19 Aug 2015 07:21:00 GMT" time="0.009" errors="0">
  <testcase name="testcode" time="0.009" classname="TestSelenium"/>
</testsuite> <!-- TestSelenium -->
